<?xml version="1.0" encoding="UTF-8" ?>
<testsuite tests="12" failures="0" name="ua.edu.ucu.collections.immutable.ImmutableArrayListTest" time="0.01" errors="0" skipped="0">
  <properties>
[...]
</properties>
  <testcase classname="ua.edu.ucu.collections.immutable.ImmutableArrayListTest" name="testToArray" time="0.006"/>
  <testcase classname="ua.edu.ucu.collections.immutable.ImmutableArrayListTest" name="testAddAll1" time="0"/>
  <testcase classname="ua.edu.ucu.collections.immutable.ImmutableArrayListTest" name="testAddAll2" time="0.001"/>
  <testcase classname="ua.edu.ucu.collections.immutable.ImmutableArrayListTest" name="testGet" time="0"/>
  <testcase classname="ua.edu.ucu.collections.immutable.ImmutableArrayListTest" name="testSet" time="0"/>
  <testcase classname="ua.edu.ucu.collections.immutable.ImmutableArrayListTest" name="testClear" time="0"/>
  <testcase classname="ua.edu.ucu.collections.immutable.ImmutableArrayListTest" name="testAdd1" time="0.001"/>
  <testcase classname="ua.edu.ucu.collections.immutable.ImmutableArrayListTest" name="testAdd2" time="0"/>
  <testcase classname="ua.edu.ucu.collections.immutable.ImmutableArrayListTest" name="testSize" time="0.001"/>
  <testcase classname="ua.edu.ucu.collections.immutable.ImmutableArrayListTest" name="testIndexOf" time="0"/>
  <testcase classname="ua.edu.ucu.collections.immutable.ImmutableArrayListTest" name="testIsEmpty" time="0.001"/>
  <testcase classname="ua.edu.ucu.collections.immutable.ImmutableArrayListTest" name="testRemove" time="0"/>
</testsuite>